<?xml version="1.0" encoding="UTF-8"?>
<!-- Generated by org.testng.reporters.JUnitXMLReporter -->
<testsuite ignored="0" hostname="Pavan_Kumar" failures="0" tests="7" name="my tests" time="18.634" errors="0" timestamp="2024-11-25T17:00:42 IST">
  <testcase classname="day42.OrangeHrmTest" name="openapp" time="11.891"/>
  <testcase classname="day42.OrangeHrmTest" name="testlogo" time="3.081"/>
  <testcase classname="day42.OrangeHrmTest" name="testLogin" time="1.713"/>
  <testcase classname="day42.OrangeHrmTest" name="closeApp" time="1.866"/>
  <testcase classname="day42.FirstTestCase" name="openapp" time="0.001"/>
  <testcase classname="day42.FirstTestCase" name="login" time="0.001"/>
  <testcase classname="day42.FirstTestCase" name="logout" time="0.002"/>
</testsuite> <!-- my tests -->
