<?xml version="1.0" encoding="UTF-8"?>
<!-- Generated by org.testng.reporters.JUnitXMLReporter -->
<testsuite ignored="2" hostname="Pavan_Kumar" failures="0" tests="6" name="groupingtests" time="0.089" errors="0" timestamp="2024-11-11T20:14:04 IST">
  <testcase classname="day44.LoginTests" name="loginByEmail" time="0.013"/>
  <testcase classname="day44.LoginTests" name="loginByfacebook" time="0.001"/>
  <testcase classname="day44.LoginTests" name="loginByTwitter" time="0.002"/>
  <testcase classname="day44.SignupTests" name="signupByEmail" time="0.001"/>
  <testcase classname="day44.SignupTests" name="signupByfacebook" time="0.002"/>
  <testcase classname="day44.SignupTests" name="signupByTwitter" time="0.001"/>
  <testcase classname="day44.PaymentTests" name="paymentIndollars" time="0.0">
    <ignored/>
  </testcase> <!-- paymentIndollars -->
  <testcase classname="day44.PaymentTests" name="paymentInRupees" time="0.0">
    <ignored/>
  </testcase> <!-- paymentInRupees -->
</testsuite> <!-- groupingtests -->
